2013/08/02 15:30:00 [error] [php] include(FrontController.php): failed to open stream: No such file or directory (/var/www/vitas/version2/library/framework/YiiBase.php:421)
Stack trace:
#0 /var/www/vitas/version2/protected/controllers/SiteController.php(4): spl_autoload_call()
#1 /var/www/vitas/version2/library/framework/web/CWebApplication.php(354): require()
#2 /var/www/vitas/version2/library/framework/web/CWebApplication.php(276): CWebApplication->createController()
#3 /var/www/vitas/version2/library/framework/web/CWebApplication.php(141): CWebApplication->runController()
#4 /var/www/vitas/version2/library/framework/base/CApplication.php(169): CWebApplication->processRequest()
#5 /var/www/vitas/version2/index.php(13): CWebApplication->run()
REQUEST_URI=/vitas/version2/
in /var/www/vitas/version2/protected/controllers/SiteController.php (4)
in /var/www/vitas/version2/index.php (13)
2013/08/02 16:07:43 [error] [exception.CHttpException.404] exception 'CHttpException' with message 'Unable to resolve the request "project".' in /var/www/vitas/version2/library/framework/web/CWebApplication.php:286
Stack trace:
#0 /var/www/vitas/version2/library/framework/web/CWebApplication.php(141): CWebApplication->runController('project')
#1 /var/www/vitas/version2/library/framework/base/CApplication.php(169): CWebApplication->processRequest()
#2 /var/www/vitas/version2/index.php(13): CApplication->run()
#3 {main}
REQUEST_URI=/vitas/version2/index.php/project
HTTP_REFERER=http://localhost/vitas/version2/
---
2013/08/02 16:08:52 [error] [exception.CHttpException.404] exception 'CHttpException' with message 'Unable to resolve the request "index".' in /var/www/vitas/version2/library/framework/web/CWebApplication.php:286
Stack trace:
#0 /var/www/vitas/version2/library/framework/web/CWebApplication.php(141): CWebApplication->runController('index')
#1 /var/www/vitas/version2/library/framework/base/CApplication.php(169): CWebApplication->processRequest()
#2 /var/www/vitas/version2/index.php(13): CApplication->run()
#3 {main}
REQUEST_URI=/vitas/version2/index.php/index
HTTP_REFERER=http://localhost/vitas/version2/index.php/project
---
